[0.174s] DEBUG:colcon:Command line arguments: ['/usr/bin/colcon', 'build', '--symlink-install']
[0.174s] DEBUG:colcon:Parsed command line arguments: Namespace(log_base=None, log_level=None, verb_name='build', build_base='build', install_base='install', merge_install=False, symlink_install=True, test_result_base=None, continue_on_error=False, executor='parallel', parallel_workers=4, event_handlers=None, ignore_user_meta=False, metas=['./colcon.meta'], base_paths=['.'], packages_ignore=None, packages_ignore_regex=None, paths=None, packages_up_to=None, packages_up_to_regex=None, packages_above=None, packages_above_and_dependencies=None, packages_above_depth=None, packages_select_by_dep=None, packages_skip_by_dep=None, packages_skip_up_to=None, packages_select_build_failed=False, packages_skip_build_finished=False, packages_select_test_failures=False, packages_skip_test_passed=False, packages_select=None, packages_skip=None, packages_select_regex=None, packages_skip_regex=None, packages_start=None, packages_end=None, allow_overriding=[], cmake_args=None, cmake_target=None, cmake_target_skip_unavailable=False, cmake_clean_cache=False, cmake_clean_first=False, cmake_force_configure=False, ament_cmake_args=None, catkin_cmake_args=None, catkin_skip_building_tests=False, verb_parser=<colcon_defaults.argument_parser.defaults.DefaultArgumentsDecorator object at 0x71779164c4c0>, verb_extension=<colcon_core.verb.build.BuildVerb object at 0x717791613eb0>, main=<bound method BuildVerb.main of <colcon_core.verb.build.BuildVerb object at 0x717791613eb0>>)
[0.447s] Level 1:colcon.colcon_core.package_discovery:discover_packages(colcon_meta) check parameters
[0.447s] Level 1:colcon.colcon_core.package_discovery:discover_packages(recursive) check parameters
[0.447s] Level 1:colcon.colcon_core.package_discovery:discover_packages(ignore) check parameters
[0.447s] Level 1:colcon.colcon_core.package_discovery:discover_packages(path) check parameters
[0.448s] Level 1:colcon.colcon_core.package_discovery:discover_packages(colcon_meta) discover
[0.448s] Level 1:colcon.colcon_core.package_discovery:discover_packages(recursive) discover
[0.448s] INFO:colcon.colcon_core.package_discovery:Crawling recursively for packages in '/home/ros-vm/ros2_diff_drive_robot_ws'
[0.448s] Level 1:colcon.colcon_core.package_identification:_identify(.) by extensions ['ignore', 'ignore_ament_install']
[0.448s] Level 1:colcon.colcon_core.package_identification:_identify(.) by extension 'ignore'
[0.449s] Level 1:colcon.colcon_core.package_identification:_identify(.) by extension 'ignore_ament_install'
[0.449s] Level 1:colcon.colcon_core.package_identification:_identify(.) by extensions ['colcon_pkg']
[0.449s] Level 1:colcon.colcon_core.package_identification:_identify(.) by extension 'colcon_pkg'
[0.449s] Level 1:colcon.colcon_core.package_identification:_identify(.) by extensions ['colcon_meta']
[0.449s] Level 1:colcon.colcon_core.package_identification:_identify(.) by extension 'colcon_meta'
[0.449s] Level 1:colcon.colcon_core.package_identification:_identify(.) by extensions ['ros']
[0.449s] Level 1:colcon.colcon_core.package_identification:_identify(.) by extension 'ros'
[0.467s] Level 1:colcon.colcon_core.package_identification:_identify(.) by extensions ['cmake', 'python']
[0.467s] Level 1:colcon.colcon_core.package_identification:_identify(.) by extension 'cmake'
[0.467s] Level 1:colcon.colcon_core.package_identification:_identify(.) by extension 'python'
[0.467s] Level 1:colcon.colcon_core.package_identification:_identify(.) by extensions ['python_setup_py']
[0.467s] Level 1:colcon.colcon_core.package_identification:_identify(.) by extension 'python_setup_py'
[0.467s] Level 1:colcon.colcon_core.package_identification:_identify(build) by extensions ['ignore', 'ignore_ament_install']
[0.468s] Level 1:colcon.colcon_core.package_identification:_identify(build) by extension 'ignore'
[0.468s] Level 1:colcon.colcon_core.package_identification:_identify(build) ignored
[0.468s] Level 1:colcon.colcon_core.package_identification:_identify(install) by extensions ['ignore', 'ignore_ament_install']
[0.468s] Level 1:colcon.colcon_core.package_identification:_identify(install) by extension 'ignore'
[0.469s] Level 1:colcon.colcon_core.package_identification:_identify(install) ignored
[0.469s] Level 1:colcon.colcon_core.package_identification:_identify(log) by extensions ['ignore', 'ignore_ament_install']
[0.469s] Level 1:colcon.colcon_core.package_identification:_identify(log) by extension 'ignore'
[0.469s] Level 1:colcon.colcon_core.package_identification:_identify(log) ignored
[0.469s] Level 1:colcon.colcon_core.package_identification:_identify(src) by extensions ['ignore', 'ignore_ament_install']
[0.469s] Level 1:colcon.colcon_core.package_identification:_identify(src) by extension 'ignore'
[0.470s] Level 1:colcon.colcon_core.package_identification:_identify(src) by extension 'ignore_ament_install'
[0.470s] Level 1:colcon.colcon_core.package_identification:_identify(src) by extensions ['colcon_pkg']
[0.470s] Level 1:colcon.colcon_core.package_identification:_identify(src) by extension 'colcon_pkg'
[0.470s] Level 1:colcon.colcon_core.package_identification:_identify(src) by extensions ['colcon_meta']
[0.470s] Level 1:colcon.colcon_core.package_identification:_identify(src) by extension 'colcon_meta'
[0.470s] Level 1:colcon.colcon_core.package_identification:_identify(src) by extensions ['ros']
[0.470s] Level 1:colcon.colcon_core.package_identification:_identify(src) by extension 'ros'
[0.470s] Level 1:colcon.colcon_core.package_identification:_identify(src) by extensions ['cmake', 'python']
[0.470s] Level 1:colcon.colcon_core.package_identification:_identify(src) by extension 'cmake'
[0.470s] Level 1:colcon.colcon_core.package_identification:_identify(src) by extension 'python'
[0.470s] Level 1:colcon.colcon_core.package_identification:_identify(src) by extensions ['python_setup_py']
[0.470s] Level 1:colcon.colcon_core.package_identification:_identify(src) by extension 'python_setup_py'
[0.471s] Level 1:colcon.colcon_core.package_identification:_identify(src/diff_drive_robot) by extensions ['ignore', 'ignore_ament_install']
[0.471s] Level 1:colcon.colcon_core.package_identification:_identify(src/diff_drive_robot) by extension 'ignore'
[0.471s] Level 1:colcon.colcon_core.package_identification:_identify(src/diff_drive_robot) by extension 'ignore_ament_install'
[0.471s] Level 1:colcon.colcon_core.package_identification:_identify(src/diff_drive_robot) by extensions ['colcon_pkg']
[0.471s] Level 1:colcon.colcon_core.package_identification:_identify(src/diff_drive_robot) by extension 'colcon_pkg'
[0.471s] Level 1:colcon.colcon_core.package_identification:_identify(src/diff_drive_robot) by extensions ['colcon_meta']
[0.471s] Level 1:colcon.colcon_core.package_identification:_identify(src/diff_drive_robot) by extension 'colcon_meta'
[0.472s] Level 1:colcon.colcon_core.package_identification:_identify(src/diff_drive_robot) by extensions ['ros']
[0.472s] Level 1:colcon.colcon_core.package_identification:_identify(src/diff_drive_robot) by extension 'ros'
[0.475s] DEBUG:colcon.colcon_core.package_identification:Package 'src/diff_drive_robot' with type 'ros.ament_cmake' and name 'diff_drive_robot'
[0.475s] Level 1:colcon.colcon_core.package_discovery:discover_packages(recursive) using defaults
[0.476s] Level 1:colcon.colcon_core.package_discovery:discover_packages(ignore) discover
[0.476s] Level 1:colcon.colcon_core.package_discovery:discover_packages(ignore) using defaults
[0.476s] Level 1:colcon.colcon_core.package_discovery:discover_packages(path) discover
[0.476s] Level 1:colcon.colcon_core.package_discovery:discover_packages(path) using defaults
[0.509s] Level 1:colcon.colcon_core.package_discovery:discover_packages(prefix_path) check parameters
[0.509s] Level 1:colcon.colcon_core.package_discovery:discover_packages(prefix_path) discover
[0.515s] DEBUG:colcon.colcon_installed_package_information.package_discovery:Found 1 installed packages in /home/ros-vm/ros2_diff_drive_robot_ws/install
[0.517s] DEBUG:colcon.colcon_installed_package_information.package_discovery:Found 11 installed packages in /home/ros-vm/my_slam_ws/install
[0.524s] DEBUG:colcon.colcon_installed_package_information.package_discovery:Found 387 installed packages in /opt/ros/humble
[0.542s] Level 1:colcon.colcon_core.package_discovery:discover_packages(prefix_path) using defaults
[0.620s] Level 5:colcon.colcon_core.verb:set package 'diff_drive_robot' build argument 'cmake_args' from command line to 'None'
[0.620s] Level 5:colcon.colcon_core.verb:set package 'diff_drive_robot' build argument 'cmake_target' from command line to 'None'
[0.620s] Level 5:colcon.colcon_core.verb:set package 'diff_drive_robot' build argument 'cmake_target_skip_unavailable' from command line to 'False'
[0.620s] Level 5:colcon.colcon_core.verb:set package 'diff_drive_robot' build argument 'cmake_clean_cache' from command line to 'False'
[0.620s] Level 5:colcon.colcon_core.verb:set package 'diff_drive_robot' build argument 'cmake_clean_first' from command line to 'False'
[0.620s] Level 5:colcon.colcon_core.verb:set package 'diff_drive_robot' build argument 'cmake_force_configure' from command line to 'False'
[0.620s] Level 5:colcon.colcon_core.verb:set package 'diff_drive_robot' build argument 'ament_cmake_args' from command line to 'None'
[0.620s] Level 5:colcon.colcon_core.verb:set package 'diff_drive_robot' build argument 'catkin_cmake_args' from command line to 'None'
[0.620s] Level 5:colcon.colcon_core.verb:set package 'diff_drive_robot' build argument 'catkin_skip_building_tests' from command line to 'False'
[0.621s] DEBUG:colcon.colcon_core.verb:Building package 'diff_drive_robot' with the following arguments: {'ament_cmake_args': None, 'build_base': '/home/ros-vm/ros2_diff_drive_robot_ws/build/diff_drive_robot', 'catkin_cmake_args': None, 'catkin_skip_building_tests': False, 'cmake_args': None, 'cmake_clean_cache': False, 'cmake_clean_first': False, 'cmake_force_configure': False, 'cmake_target': None, 'cmake_target_skip_unavailable': False, 'install_base': '/home/ros-vm/ros2_diff_drive_robot_ws/install/diff_drive_robot', 'merge_install': False, 'path': '/home/ros-vm/ros2_diff_drive_robot_ws/src/diff_drive_robot', 'symlink_install': True, 'test_result_base': None}
[0.621s] INFO:colcon.colcon_core.executor:Executing jobs using 'parallel' executor
[0.623s] DEBUG:colcon.colcon_parallel_executor.executor.parallel:run_until_complete
[0.624s] INFO:colcon.colcon_ros.task.ament_cmake.build:Building ROS package in '/home/ros-vm/ros2_diff_drive_robot_ws/src/diff_drive_robot' with build type 'ament_cmake'
[0.624s] INFO:colcon.colcon_cmake.task.cmake.build:Building CMake package in '/home/ros-vm/ros2_diff_drive_robot_ws/src/diff_drive_robot'
[0.629s] INFO:colcon.colcon_core.plugin_system:Skipping extension 'colcon_core.shell.bat': Not used on non-Windows systems
[0.630s] INFO:colcon.colcon_core.shell:Skip shell extension 'powershell' for command environment: Not usable outside of PowerShell
[0.630s] DEBUG:colcon.colcon_core.shell:Skip shell extension 'dsv' for command environment
[0.673s] DEBUG:colcon.colcon_core.event_handler.log_command:Invoking command in '/home/ros-vm/ros2_diff_drive_robot_ws/build/diff_drive_robot': CMAKE_PREFIX_PATH=${CMAKE_PREFIX_PATH}:/home/ros-vm/my_slam_ws/install/turtlebot3_teleop:/home/ros-vm/my_slam_ws/install/turtlebot3_example:/opt/ros/humble /usr/bin/cmake --build /home/ros-vm/ros2_diff_drive_robot_ws/build/diff_drive_robot -- -j4 -l4
[0.796s] DEBUG:colcon.colcon_core.event_handler.log_command:Invoked command in '/home/ros-vm/ros2_diff_drive_robot_ws/build/diff_drive_robot' returned '0': CMAKE_PREFIX_PATH=${CMAKE_PREFIX_PATH}:/home/ros-vm/my_slam_ws/install/turtlebot3_teleop:/home/ros-vm/my_slam_ws/install/turtlebot3_example:/opt/ros/humble /usr/bin/cmake --build /home/ros-vm/ros2_diff_drive_robot_ws/build/diff_drive_robot -- -j4 -l4
[0.918s] DEBUG:colcon.colcon_core.event_handler.log_command:Invoking command in '/home/ros-vm/ros2_diff_drive_robot_ws/build/diff_drive_robot': CMAKE_PREFIX_PATH=${CMAKE_PREFIX_PATH}:/home/ros-vm/my_slam_ws/install/turtlebot3_teleop:/home/ros-vm/my_slam_ws/install/turtlebot3_example:/opt/ros/humble /usr/bin/cmake --install /home/ros-vm/ros2_diff_drive_robot_ws/build/diff_drive_robot
[1.017s] Level 1:colcon.colcon_core.environment:create_environment_scripts_only(diff_drive_robot)
[1.020s] DEBUG:colcon.colcon_core.event_handler.log_command:Invoked command in '/home/ros-vm/ros2_diff_drive_robot_ws/build/diff_drive_robot' returned '0': CMAKE_PREFIX_PATH=${CMAKE_PREFIX_PATH}:/home/ros-vm/my_slam_ws/install/turtlebot3_teleop:/home/ros-vm/my_slam_ws/install/turtlebot3_example:/opt/ros/humble /usr/bin/cmake --install /home/ros-vm/ros2_diff_drive_robot_ws/build/diff_drive_robot
[1.024s] Level 1:colcon.colcon_core.environment:checking '/home/ros-vm/ros2_diff_drive_robot_ws/install/diff_drive_robot' for CMake module files
[1.026s] Level 1:colcon.colcon_core.environment:checking '/home/ros-vm/ros2_diff_drive_robot_ws/install/diff_drive_robot' for CMake config files
[1.028s] Level 1:colcon.colcon_core.shell:create_environment_hook('diff_drive_robot', 'cmake_prefix_path')
[1.028s] INFO:colcon.colcon_core.shell:Creating environment hook '/home/ros-vm/ros2_diff_drive_robot_ws/install/diff_drive_robot/share/diff_drive_robot/hook/cmake_prefix_path.ps1'
[1.030s] INFO:colcon.colcon_core.shell:Creating environment descriptor '/home/ros-vm/ros2_diff_drive_robot_ws/install/diff_drive_robot/share/diff_drive_robot/hook/cmake_prefix_path.dsv'
[1.032s] INFO:colcon.colcon_core.shell:Creating environment hook '/home/ros-vm/ros2_diff_drive_robot_ws/install/diff_drive_robot/share/diff_drive_robot/hook/cmake_prefix_path.sh'
[1.036s] Level 1:colcon.colcon_core.environment:checking '/home/ros-vm/ros2_diff_drive_robot_ws/install/diff_drive_robot/bin'
[1.036s] Level 1:colcon.colcon_core.environment:checking '/home/ros-vm/ros2_diff_drive_robot_ws/install/diff_drive_robot/lib/pkgconfig/diff_drive_robot.pc'
[1.036s] Level 1:colcon.colcon_core.environment:checking '/home/ros-vm/ros2_diff_drive_robot_ws/install/diff_drive_robot/lib/python3.10/site-packages'
[1.036s] Level 1:colcon.colcon_core.environment:checking '/home/ros-vm/ros2_diff_drive_robot_ws/install/diff_drive_robot/bin'
[1.037s] INFO:colcon.colcon_core.shell:Creating package script '/home/ros-vm/ros2_diff_drive_robot_ws/install/diff_drive_robot/share/diff_drive_robot/package.ps1'
[1.039s] INFO:colcon.colcon_core.shell:Creating package descriptor '/home/ros-vm/ros2_diff_drive_robot_ws/install/diff_drive_robot/share/diff_drive_robot/package.dsv'
[1.041s] INFO:colcon.colcon_core.shell:Creating package script '/home/ros-vm/ros2_diff_drive_robot_ws/install/diff_drive_robot/share/diff_drive_robot/package.sh'
[1.044s] INFO:colcon.colcon_core.shell:Creating package script '/home/ros-vm/ros2_diff_drive_robot_ws/install/diff_drive_robot/share/diff_drive_robot/package.bash'
[1.047s] INFO:colcon.colcon_core.shell:Creating package script '/home/ros-vm/ros2_diff_drive_robot_ws/install/diff_drive_robot/share/diff_drive_robot/package.zsh'
[1.049s] Level 1:colcon.colcon_core.environment:create_file_with_runtime_dependencies(/home/ros-vm/ros2_diff_drive_robot_ws/install/diff_drive_robot/share/colcon-core/packages/diff_drive_robot)
[1.145s] Level 1:colcon.colcon_core.environment:create_environment_scripts_only(diff_drive_robot)
[1.145s] Level 1:colcon.colcon_core.environment:checking '/home/ros-vm/ros2_diff_drive_robot_ws/install/diff_drive_robot' for CMake module files
[1.147s] Level 1:colcon.colcon_core.environment:checking '/home/ros-vm/ros2_diff_drive_robot_ws/install/diff_drive_robot' for CMake config files
[1.148s] Level 1:colcon.colcon_core.shell:create_environment_hook('diff_drive_robot', 'cmake_prefix_path')
[1.149s] INFO:colcon.colcon_core.shell:Creating environment hook '/home/ros-vm/ros2_diff_drive_robot_ws/install/diff_drive_robot/share/diff_drive_robot/hook/cmake_prefix_path.ps1'
[1.151s] INFO:colcon.colcon_core.shell:Creating environment descriptor '/home/ros-vm/ros2_diff_drive_robot_ws/install/diff_drive_robot/share/diff_drive_robot/hook/cmake_prefix_path.dsv'
[1.154s] INFO:colcon.colcon_core.shell:Creating environment hook '/home/ros-vm/ros2_diff_drive_robot_ws/install/diff_drive_robot/share/diff_drive_robot/hook/cmake_prefix_path.sh'
[1.157s] Level 1:colcon.colcon_core.environment:checking '/home/ros-vm/ros2_diff_drive_robot_ws/install/diff_drive_robot/bin'
[1.158s] Level 1:colcon.colcon_core.environment:checking '/home/ros-vm/ros2_diff_drive_robot_ws/install/diff_drive_robot/lib/pkgconfig/diff_drive_robot.pc'
[1.158s] Level 1:colcon.colcon_core.environment:checking '/home/ros-vm/ros2_diff_drive_robot_ws/install/diff_drive_robot/lib/python3.10/site-packages'
[1.159s] Level 1:colcon.colcon_core.environment:checking '/home/ros-vm/ros2_diff_drive_robot_ws/install/diff_drive_robot/bin'
[1.159s] INFO:colcon.colcon_core.shell:Creating package script '/home/ros-vm/ros2_diff_drive_robot_ws/install/diff_drive_robot/share/diff_drive_robot/package.ps1'
[1.163s] INFO:colcon.colcon_core.shell:Creating package descriptor '/home/ros-vm/ros2_diff_drive_robot_ws/install/diff_drive_robot/share/diff_drive_robot/package.dsv'
[1.166s] INFO:colcon.colcon_core.shell:Creating package script '/home/ros-vm/ros2_diff_drive_robot_ws/install/diff_drive_robot/share/diff_drive_robot/package.sh'
[1.168s] INFO:colcon.colcon_core.shell:Creating package script '/home/ros-vm/ros2_diff_drive_robot_ws/install/diff_drive_robot/share/diff_drive_robot/package.bash'
[1.170s] INFO:colcon.colcon_core.shell:Creating package script '/home/ros-vm/ros2_diff_drive_robot_ws/install/diff_drive_robot/share/diff_drive_robot/package.zsh'
[1.172s] Level 1:colcon.colcon_core.environment:create_file_with_runtime_dependencies(/home/ros-vm/ros2_diff_drive_robot_ws/install/diff_drive_robot/share/colcon-core/packages/diff_drive_robot)
[1.172s] DEBUG:colcon.colcon_parallel_executor.executor.parallel:closing loop
[1.173s] DEBUG:colcon.colcon_parallel_executor.executor.parallel:loop closed
[1.175s] DEBUG:colcon.colcon_parallel_executor.executor.parallel:run_until_complete finished with '0'
[1.175s] DEBUG:colcon.colcon_core.event_reactor:joining thread
[1.198s] INFO:colcon.colcon_core.plugin_system:Skipping extension 'colcon_notification.desktop_notification.terminal_notifier': Not used on non-Darwin systems
[1.199s] INFO:colcon.colcon_core.plugin_system:Skipping extension 'colcon_notification.desktop_notification.win32': Not used on non-Windows systems
[1.199s] INFO:colcon.colcon_notification.desktop_notification:Sending desktop notification using 'notify2'
[1.233s] DEBUG:colcon.colcon_core.event_reactor:joined thread
[1.234s] INFO:colcon.colcon_core.shell:Creating prefix script '/home/ros-vm/ros2_diff_drive_robot_ws/install/local_setup.ps1'
[1.237s] INFO:colcon.colcon_core.shell:Creating prefix util module '/home/ros-vm/ros2_diff_drive_robot_ws/install/_local_setup_util_ps1.py'
[1.240s] INFO:colcon.colcon_core.shell:Creating prefix chain script '/home/ros-vm/ros2_diff_drive_robot_ws/install/setup.ps1'
[1.246s] INFO:colcon.colcon_core.shell:Creating prefix script '/home/ros-vm/ros2_diff_drive_robot_ws/install/local_setup.sh'
[1.248s] INFO:colcon.colcon_core.shell:Creating prefix util module '/home/ros-vm/ros2_diff_drive_robot_ws/install/_local_setup_util_sh.py'
[1.251s] INFO:colcon.colcon_core.shell:Creating prefix chain script '/home/ros-vm/ros2_diff_drive_robot_ws/install/setup.sh'
[1.258s] INFO:colcon.colcon_core.shell:Creating prefix script '/home/ros-vm/ros2_diff_drive_robot_ws/install/local_setup.bash'
[1.260s] INFO:colcon.colcon_core.shell:Creating prefix chain script '/home/ros-vm/ros2_diff_drive_robot_ws/install/setup.bash'
[1.266s] INFO:colcon.colcon_core.shell:Creating prefix script '/home/ros-vm/ros2_diff_drive_robot_ws/install/local_setup.zsh'
[1.268s] INFO:colcon.colcon_core.shell:Creating prefix chain script '/home/ros-vm/ros2_diff_drive_robot_ws/install/setup.zsh'
