[0.039s] Invoking command in '/home/ros-vm/ros2_diff_drive_robot_ws/build/diff_drive_robot': CMAKE_PREFIX_PATH=${CMAKE_PREFIX_PATH}:/home/ros-vm/my_slam_ws/install/turtlebot3_teleop:/home/ros-vm/my_slam_ws/install/turtlebot3_example:/opt/ros/humble /usr/bin/cmake /home/ros-vm/ros2_diff_drive_robot_ws/src/diff_drive_robot -DAMENT_CMAKE_SYMLINK_INSTALL=1 -DCMAKE_INSTALL_PREFIX=/home/ros-vm/ros2_diff_drive_robot_ws/install/diff_drive_robot
[0.231s] -- The C compiler identification is GNU 11.4.0
[0.426s] -- The CXX compiler identification is GNU 11.4.0
[0.450s] -- Detecting C compiler ABI info
[0.706s] -- Detecting C compiler ABI info - done
[0.714s] -- Check for working C compiler: /usr/bin/cc - skipped
[0.714s] -- Detecting C compile features
[0.715s] -- Detecting C compile features - done
[0.721s] -- Detecting CXX compiler ABI info
[1.067s] -- Detecting CXX compiler ABI info - done
[1.079s] -- Check for working CXX compiler: /usr/bin/c++ - skipped
[1.080s] -- Detecting CXX compile features
[1.080s] -- Detecting CXX compile features - done
[1.095s] -- Found ament_cmake: 1.3.8 (/opt/ros/humble/share/ament_cmake/cmake)
[1.491s] -- Found Python3: /usr/bin/python3 (found version "3.10.12") found components: Interpreter 
[1.626s] -- Override CMake install command with custom implementation using symlinks instead of copying resources
[1.790s] -- Found ament_lint_auto: 0.12.10 (/opt/ros/humble/share/ament_lint_auto/cmake)
[2.044s] -- Added test 'copyright' to check source files copyright and LICENSE
[2.056s] -- Added test 'flake8' to check Python code syntax and style conventions
[2.059s] -- Added test 'lint_cmake' to check CMake code style
[2.061s] -- Added test 'pep257' to check Python code against some of the docstring style conventions in PEP 257
[2.068s] -- Added test 'xmllint' to check XML markup files
[2.076s] -- Configuring done
[2.096s] -- Generating done
[2.102s] -- Build files have been written to: /home/ros-vm/ros2_diff_drive_robot_ws/build/diff_drive_robot
[2.112s] Invoked command in '/home/ros-vm/ros2_diff_drive_robot_ws/build/diff_drive_robot' returned '0': CMAKE_PREFIX_PATH=${CMAKE_PREFIX_PATH}:/home/ros-vm/my_slam_ws/install/turtlebot3_teleop:/home/ros-vm/my_slam_ws/install/turtlebot3_example:/opt/ros/humble /usr/bin/cmake /home/ros-vm/ros2_diff_drive_robot_ws/src/diff_drive_robot -DAMENT_CMAKE_SYMLINK_INSTALL=1 -DCMAKE_INSTALL_PREFIX=/home/ros-vm/ros2_diff_drive_robot_ws/install/diff_drive_robot
[2.117s] Invoking command in '/home/ros-vm/ros2_diff_drive_robot_ws/build/diff_drive_robot': CMAKE_PREFIX_PATH=${CMAKE_PREFIX_PATH}:/home/ros-vm/my_slam_ws/install/turtlebot3_teleop:/home/ros-vm/my_slam_ws/install/turtlebot3_example:/opt/ros/humble /usr/bin/cmake --build /home/ros-vm/ros2_diff_drive_robot_ws/build/diff_drive_robot -- -j4 -l4
[2.237s] Invoked command in '/home/ros-vm/ros2_diff_drive_robot_ws/build/diff_drive_robot' returned '0': CMAKE_PREFIX_PATH=${CMAKE_PREFIX_PATH}:/home/ros-vm/my_slam_ws/install/turtlebot3_teleop:/home/ros-vm/my_slam_ws/install/turtlebot3_example:/opt/ros/humble /usr/bin/cmake --build /home/ros-vm/ros2_diff_drive_robot_ws/build/diff_drive_robot -- -j4 -l4
[2.370s] Invoking command in '/home/ros-vm/ros2_diff_drive_robot_ws/build/diff_drive_robot': CMAKE_PREFIX_PATH=${CMAKE_PREFIX_PATH}:/home/ros-vm/my_slam_ws/install/turtlebot3_teleop:/home/ros-vm/my_slam_ws/install/turtlebot3_example:/opt/ros/humble /usr/bin/cmake --install /home/ros-vm/ros2_diff_drive_robot_ws/build/diff_drive_robot
[2.392s] -- Install configuration: ""
[2.394s] -- Execute custom install script
[2.395s] -- Symlinking: /home/ros-vm/ros2_diff_drive_robot_ws/install/diff_drive_robot/share/diff_drive_robot/config/empty.yaml
[2.423s] -- Symlinking: /home/ros-vm/ros2_diff_drive_robot_ws/install/diff_drive_robot/share/diff_drive_robot/description/robot.urdf.xacro
[2.448s] -- Symlinking: /home/ros-vm/ros2_diff_drive_robot_ws/install/diff_drive_robot/share/diff_drive_robot/launch/rsp.launch.py
[2.477s] -- Symlinking: /home/ros-vm/ros2_diff_drive_robot_ws/install/diff_drive_robot/share/diff_drive_robot/worlds/empty.world
[2.505s] -- Symlinking: /home/ros-vm/ros2_diff_drive_robot_ws/install/diff_drive_robot/share/ament_index/resource_index/package_run_dependencies/diff_drive_robot
[2.530s] -- Symlinking: /home/ros-vm/ros2_diff_drive_robot_ws/install/diff_drive_robot/share/ament_index/resource_index/parent_prefix_path/diff_drive_robot
[2.560s] -- Symlinking: /home/ros-vm/ros2_diff_drive_robot_ws/install/diff_drive_robot/share/diff_drive_robot/environment/ament_prefix_path.sh
[2.588s] -- Symlinking: /home/ros-vm/ros2_diff_drive_robot_ws/install/diff_drive_robot/share/diff_drive_robot/environment/ament_prefix_path.dsv
[2.616s] -- Symlinking: /home/ros-vm/ros2_diff_drive_robot_ws/install/diff_drive_robot/share/diff_drive_robot/environment/path.sh
[2.645s] -- Symlinking: /home/ros-vm/ros2_diff_drive_robot_ws/install/diff_drive_robot/share/diff_drive_robot/environment/path.dsv
[2.676s] -- Symlinking: /home/ros-vm/ros2_diff_drive_robot_ws/install/diff_drive_robot/share/diff_drive_robot/local_setup.bash
[2.704s] -- Symlinking: /home/ros-vm/ros2_diff_drive_robot_ws/install/diff_drive_robot/share/diff_drive_robot/local_setup.sh
[2.730s] -- Symlinking: /home/ros-vm/ros2_diff_drive_robot_ws/install/diff_drive_robot/share/diff_drive_robot/local_setup.zsh
[2.756s] -- Symlinking: /home/ros-vm/ros2_diff_drive_robot_ws/install/diff_drive_robot/share/diff_drive_robot/local_setup.dsv
[2.787s] -- Symlinking: /home/ros-vm/ros2_diff_drive_robot_ws/install/diff_drive_robot/share/diff_drive_robot/package.dsv
[2.814s] -- Symlinking: /home/ros-vm/ros2_diff_drive_robot_ws/install/diff_drive_robot/share/ament_index/resource_index/packages/diff_drive_robot
[2.838s] -- Symlinking: /home/ros-vm/ros2_diff_drive_robot_ws/install/diff_drive_robot/share/diff_drive_robot/cmake/diff_drive_robotConfig.cmake
[2.868s] -- Symlinking: /home/ros-vm/ros2_diff_drive_robot_ws/install/diff_drive_robot/share/diff_drive_robot/cmake/diff_drive_robotConfig-version.cmake
[2.897s] -- Symlinking: /home/ros-vm/ros2_diff_drive_robot_ws/install/diff_drive_robot/share/diff_drive_robot/package.xml
[2.927s] Invoked command in '/home/ros-vm/ros2_diff_drive_robot_ws/build/diff_drive_robot' returned '0': CMAKE_PREFIX_PATH=${CMAKE_PREFIX_PATH}:/home/ros-vm/my_slam_ws/install/turtlebot3_teleop:/home/ros-vm/my_slam_ws/install/turtlebot3_example:/opt/ros/humble /usr/bin/cmake --install /home/ros-vm/ros2_diff_drive_robot_ws/build/diff_drive_robot
