[0.181s] DEBUG:colcon:Command line arguments: ['/usr/bin/colcon', 'build', '--symlink-install']
[0.181s] DEBUG:colcon:Parsed command line arguments: Namespace(log_base=None, log_level=None, verb_name='build', build_base='build', install_base='install', merge_install=False, symlink_install=True, test_result_base=None, continue_on_error=False, executor='parallel', parallel_workers=4, event_handlers=None, ignore_user_meta=False, metas=['./colcon.meta'], base_paths=['.'], packages_ignore=None, packages_ignore_regex=None, paths=None, packages_up_to=None, packages_up_to_regex=None, packages_above=None, packages_above_and_dependencies=None, packages_above_depth=None, packages_select_by_dep=None, packages_skip_by_dep=None, packages_skip_up_to=None, packages_select_build_failed=False, packages_skip_build_finished=False, packages_select_test_failures=False, packages_skip_test_passed=False, packages_select=None, packages_skip=None, packages_select_regex=None, packages_skip_regex=None, packages_start=None, packages_end=None, allow_overriding=[], cmake_args=None, cmake_target=None, cmake_target_skip_unavailable=False, cmake_clean_cache=False, cmake_clean_first=False, cmake_force_configure=False, ament_cmake_args=None, catkin_cmake_args=None, catkin_skip_building_tests=False, verb_parser=<colcon_defaults.argument_parser.defaults.DefaultArgumentsDecorator object at 0x7b976c950520>, verb_extension=<colcon_core.verb.build.BuildVerb object at 0x7b976c917f10>, main=<bound method BuildVerb.main of <colcon_core.verb.build.BuildVerb object at 0x7b976c917f10>>)
[0.478s] Level 1:colcon.colcon_core.package_discovery:discover_packages(colcon_meta) check parameters
[0.478s] Level 1:colcon.colcon_core.package_discovery:discover_packages(recursive) check parameters
[0.478s] Level 1:colcon.colcon_core.package_discovery:discover_packages(ignore) check parameters
[0.479s] Level 1:colcon.colcon_core.package_discovery:discover_packages(path) check parameters
[0.479s] Level 1:colcon.colcon_core.package_discovery:discover_packages(colcon_meta) discover
[0.479s] Level 1:colcon.colcon_core.package_discovery:discover_packages(recursive) discover
[0.479s] INFO:colcon.colcon_core.package_discovery:Crawling recursively for packages in '/home/ros-vm/ros2_diff_drive_robot_ws'
[0.480s] Level 1:colcon.colcon_core.package_identification:_identify(.) by extensions ['ignore', 'ignore_ament_install']
[0.480s] Level 1:colcon.colcon_core.package_identification:_identify(.) by extension 'ignore'
[0.480s] Level 1:colcon.colcon_core.package_identification:_identify(.) by extension 'ignore_ament_install'
[0.480s] Level 1:colcon.colcon_core.package_identification:_identify(.) by extensions ['colcon_pkg']
[0.481s] Level 1:colcon.colcon_core.package_identification:_identify(.) by extension 'colcon_pkg'
[0.481s] Level 1:colcon.colcon_core.package_identification:_identify(.) by extensions ['colcon_meta']
[0.481s] Level 1:colcon.colcon_core.package_identification:_identify(.) by extension 'colcon_meta'
[0.482s] Level 1:colcon.colcon_core.package_identification:_identify(.) by extensions ['ros']
[0.482s] Level 1:colcon.colcon_core.package_identification:_identify(.) by extension 'ros'
[0.501s] Level 1:colcon.colcon_core.package_identification:_identify(.) by extensions ['cmake', 'python']
[0.502s] Level 1:colcon.colcon_core.package_identification:_identify(.) by extension 'cmake'
[0.502s] Level 1:colcon.colcon_core.package_identification:_identify(.) by extension 'python'
[0.503s] Level 1:colcon.colcon_core.package_identification:_identify(.) by extensions ['python_setup_py']
[0.503s] Level 1:colcon.colcon_core.package_identification:_identify(.) by extension 'python_setup_py'
[0.503s] Level 1:colcon.colcon_core.package_identification:_identify(build) by extensions ['ignore', 'ignore_ament_install']
[0.504s] Level 1:colcon.colcon_core.package_identification:_identify(build) by extension 'ignore'
[0.504s] Level 1:colcon.colcon_core.package_identification:_identify(build) ignored
[0.505s] Level 1:colcon.colcon_core.package_identification:_identify(install) by extensions ['ignore', 'ignore_ament_install']
[0.505s] Level 1:colcon.colcon_core.package_identification:_identify(install) by extension 'ignore'
[0.505s] Level 1:colcon.colcon_core.package_identification:_identify(install) ignored
[0.506s] Level 1:colcon.colcon_core.package_identification:_identify(log) by extensions ['ignore', 'ignore_ament_install']
[0.506s] Level 1:colcon.colcon_core.package_identification:_identify(log) by extension 'ignore'
[0.507s] Level 1:colcon.colcon_core.package_identification:_identify(log) ignored
[0.507s] Level 1:colcon.colcon_core.package_identification:_identify(src) by extensions ['ignore', 'ignore_ament_install']
[0.507s] Level 1:colcon.colcon_core.package_identification:_identify(src) by extension 'ignore'
[0.508s] Level 1:colcon.colcon_core.package_identification:_identify(src) by extension 'ignore_ament_install'
[0.508s] Level 1:colcon.colcon_core.package_identification:_identify(src) by extensions ['colcon_pkg']
[0.508s] Level 1:colcon.colcon_core.package_identification:_identify(src) by extension 'colcon_pkg'
[0.508s] Level 1:colcon.colcon_core.package_identification:_identify(src) by extensions ['colcon_meta']
[0.509s] Level 1:colcon.colcon_core.package_identification:_identify(src) by extension 'colcon_meta'
[0.509s] Level 1:colcon.colcon_core.package_identification:_identify(src) by extensions ['ros']
[0.509s] Level 1:colcon.colcon_core.package_identification:_identify(src) by extension 'ros'
[0.521s] DEBUG:colcon.colcon_core.package_identification:Package 'src' with type 'ros.ament_cmake' and name 'ros2_diff_drive_robot_ws'
[0.521s] Level 1:colcon.colcon_core.package_discovery:discover_packages(recursive) using defaults
[0.521s] Level 1:colcon.colcon_core.package_discovery:discover_packages(ignore) discover
[0.521s] Level 1:colcon.colcon_core.package_discovery:discover_packages(ignore) using defaults
[0.521s] Level 1:colcon.colcon_core.package_discovery:discover_packages(path) discover
[0.521s] Level 1:colcon.colcon_core.package_discovery:discover_packages(path) using defaults
[0.563s] Level 1:colcon.colcon_core.package_discovery:discover_packages(prefix_path) check parameters
[0.563s] Level 1:colcon.colcon_core.package_discovery:discover_packages(prefix_path) discover
[0.582s] DEBUG:colcon.colcon_installed_package_information.package_discovery:Found 11 installed packages in /home/ros-vm/my_slam_ws/install
[0.588s] DEBUG:colcon.colcon_installed_package_information.package_discovery:Found 387 installed packages in /opt/ros/humble
[0.613s] Level 1:colcon.colcon_core.package_discovery:discover_packages(prefix_path) using defaults
[0.711s] Level 5:colcon.colcon_core.verb:set package 'ros2_diff_drive_robot_ws' build argument 'cmake_args' from command line to 'None'
[0.712s] Level 5:colcon.colcon_core.verb:set package 'ros2_diff_drive_robot_ws' build argument 'cmake_target' from command line to 'None'
[0.712s] Level 5:colcon.colcon_core.verb:set package 'ros2_diff_drive_robot_ws' build argument 'cmake_target_skip_unavailable' from command line to 'False'
[0.712s] Level 5:colcon.colcon_core.verb:set package 'ros2_diff_drive_robot_ws' build argument 'cmake_clean_cache' from command line to 'False'
[0.712s] Level 5:colcon.colcon_core.verb:set package 'ros2_diff_drive_robot_ws' build argument 'cmake_clean_first' from command line to 'False'
[0.712s] Level 5:colcon.colcon_core.verb:set package 'ros2_diff_drive_robot_ws' build argument 'cmake_force_configure' from command line to 'False'
[0.712s] Level 5:colcon.colcon_core.verb:set package 'ros2_diff_drive_robot_ws' build argument 'ament_cmake_args' from command line to 'None'
[0.712s] Level 5:colcon.colcon_core.verb:set package 'ros2_diff_drive_robot_ws' build argument 'catkin_cmake_args' from command line to 'None'
[0.712s] Level 5:colcon.colcon_core.verb:set package 'ros2_diff_drive_robot_ws' build argument 'catkin_skip_building_tests' from command line to 'False'
[0.712s] DEBUG:colcon.colcon_core.verb:Building package 'ros2_diff_drive_robot_ws' with the following arguments: {'ament_cmake_args': None, 'build_base': '/home/ros-vm/ros2_diff_drive_robot_ws/build/ros2_diff_drive_robot_ws', 'catkin_cmake_args': None, 'catkin_skip_building_tests': False, 'cmake_args': None, 'cmake_clean_cache': False, 'cmake_clean_first': False, 'cmake_force_configure': False, 'cmake_target': None, 'cmake_target_skip_unavailable': False, 'install_base': '/home/ros-vm/ros2_diff_drive_robot_ws/install/ros2_diff_drive_robot_ws', 'merge_install': False, 'path': '/home/ros-vm/ros2_diff_drive_robot_ws/src', 'symlink_install': True, 'test_result_base': None}
[0.713s] INFO:colcon.colcon_core.executor:Executing jobs using 'parallel' executor
[0.715s] DEBUG:colcon.colcon_parallel_executor.executor.parallel:run_until_complete
[0.717s] INFO:colcon.colcon_ros.task.ament_cmake.build:Building ROS package in '/home/ros-vm/ros2_diff_drive_robot_ws/src' with build type 'ament_cmake'
[0.717s] INFO:colcon.colcon_cmake.task.cmake.build:Building CMake package in '/home/ros-vm/ros2_diff_drive_robot_ws/src'
[0.739s] INFO:colcon.colcon_core.plugin_system:Skipping extension 'colcon_core.shell.bat': Not used on non-Windows systems
[0.740s] INFO:colcon.colcon_core.shell:Skip shell extension 'powershell' for command environment: Not usable outside of PowerShell
[0.740s] DEBUG:colcon.colcon_core.shell:Skip shell extension 'dsv' for command environment
[0.788s] DEBUG:colcon.colcon_core.event_handler.log_command:Invoking command in '/home/ros-vm/ros2_diff_drive_robot_ws/build/ros2_diff_drive_robot_ws': CMAKE_PREFIX_PATH=${CMAKE_PREFIX_PATH}:/home/ros-vm/my_slam_ws/install/turtlebot3_teleop:/home/ros-vm/my_slam_ws/install/turtlebot3_example:/opt/ros/humble /usr/bin/cmake /home/ros-vm/ros2_diff_drive_robot_ws/src -DAMENT_CMAKE_SYMLINK_INSTALL=1 -DCMAKE_INSTALL_PREFIX=/home/ros-vm/ros2_diff_drive_robot_ws/install/ros2_diff_drive_robot_ws
[4.008s] DEBUG:colcon.colcon_core.event_handler.log_command:Invoked command in '/home/ros-vm/ros2_diff_drive_robot_ws/build/ros2_diff_drive_robot_ws' returned '0': CMAKE_PREFIX_PATH=${CMAKE_PREFIX_PATH}:/home/ros-vm/my_slam_ws/install/turtlebot3_teleop:/home/ros-vm/my_slam_ws/install/turtlebot3_example:/opt/ros/humble /usr/bin/cmake /home/ros-vm/ros2_diff_drive_robot_ws/src -DAMENT_CMAKE_SYMLINK_INSTALL=1 -DCMAKE_INSTALL_PREFIX=/home/ros-vm/ros2_diff_drive_robot_ws/install/ros2_diff_drive_robot_ws
[4.012s] DEBUG:colcon.colcon_core.event_handler.log_command:Invoking command in '/home/ros-vm/ros2_diff_drive_robot_ws/build/ros2_diff_drive_robot_ws': CMAKE_PREFIX_PATH=${CMAKE_PREFIX_PATH}:/home/ros-vm/my_slam_ws/install/turtlebot3_teleop:/home/ros-vm/my_slam_ws/install/turtlebot3_example:/opt/ros/humble /usr/bin/cmake --build /home/ros-vm/ros2_diff_drive_robot_ws/build/ros2_diff_drive_robot_ws -- -j4 -l4
[4.152s] DEBUG:colcon.colcon_core.event_handler.log_command:Invoked command in '/home/ros-vm/ros2_diff_drive_robot_ws/build/ros2_diff_drive_robot_ws' returned '0': CMAKE_PREFIX_PATH=${CMAKE_PREFIX_PATH}:/home/ros-vm/my_slam_ws/install/turtlebot3_teleop:/home/ros-vm/my_slam_ws/install/turtlebot3_example:/opt/ros/humble /usr/bin/cmake --build /home/ros-vm/ros2_diff_drive_robot_ws/build/ros2_diff_drive_robot_ws -- -j4 -l4
[4.300s] DEBUG:colcon.colcon_core.event_handler.log_command:Invoking command in '/home/ros-vm/ros2_diff_drive_robot_ws/build/ros2_diff_drive_robot_ws': CMAKE_PREFIX_PATH=${CMAKE_PREFIX_PATH}:/home/ros-vm/my_slam_ws/install/turtlebot3_teleop:/home/ros-vm/my_slam_ws/install/turtlebot3_example:/opt/ros/humble /usr/bin/cmake --install /home/ros-vm/ros2_diff_drive_robot_ws/build/ros2_diff_drive_robot_ws
[4.863s] Level 1:colcon.colcon_core.environment:create_environment_scripts_only(ros2_diff_drive_robot_ws)
[4.864s] DEBUG:colcon.colcon_core.event_handler.log_command:Invoked command in '/home/ros-vm/ros2_diff_drive_robot_ws/build/ros2_diff_drive_robot_ws' returned '0': CMAKE_PREFIX_PATH=${CMAKE_PREFIX_PATH}:/home/ros-vm/my_slam_ws/install/turtlebot3_teleop:/home/ros-vm/my_slam_ws/install/turtlebot3_example:/opt/ros/humble /usr/bin/cmake --install /home/ros-vm/ros2_diff_drive_robot_ws/build/ros2_diff_drive_robot_ws
[4.885s] Level 1:colcon.colcon_core.environment:checking '/home/ros-vm/ros2_diff_drive_robot_ws/install/ros2_diff_drive_robot_ws' for CMake module files
[4.888s] Level 1:colcon.colcon_core.environment:checking '/home/ros-vm/ros2_diff_drive_robot_ws/install/ros2_diff_drive_robot_ws' for CMake config files
[4.889s] Level 1:colcon.colcon_core.shell:create_environment_hook('ros2_diff_drive_robot_ws', 'cmake_prefix_path')
[4.889s] INFO:colcon.colcon_core.shell:Creating environment hook '/home/ros-vm/ros2_diff_drive_robot_ws/install/ros2_diff_drive_robot_ws/share/ros2_diff_drive_robot_ws/hook/cmake_prefix_path.ps1'
[4.891s] INFO:colcon.colcon_core.shell:Creating environment descriptor '/home/ros-vm/ros2_diff_drive_robot_ws/install/ros2_diff_drive_robot_ws/share/ros2_diff_drive_robot_ws/hook/cmake_prefix_path.dsv'
[4.894s] INFO:colcon.colcon_core.shell:Creating environment hook '/home/ros-vm/ros2_diff_drive_robot_ws/install/ros2_diff_drive_robot_ws/share/ros2_diff_drive_robot_ws/hook/cmake_prefix_path.sh'
[4.899s] Level 1:colcon.colcon_core.environment:checking '/home/ros-vm/ros2_diff_drive_robot_ws/install/ros2_diff_drive_robot_ws/bin'
[4.899s] Level 1:colcon.colcon_core.environment:checking '/home/ros-vm/ros2_diff_drive_robot_ws/install/ros2_diff_drive_robot_ws/lib/pkgconfig/ros2_diff_drive_robot_ws.pc'
[4.900s] Level 1:colcon.colcon_core.environment:checking '/home/ros-vm/ros2_diff_drive_robot_ws/install/ros2_diff_drive_robot_ws/lib/python3.10/site-packages'
[4.900s] Level 1:colcon.colcon_core.environment:checking '/home/ros-vm/ros2_diff_drive_robot_ws/install/ros2_diff_drive_robot_ws/bin'
[4.901s] INFO:colcon.colcon_core.shell:Creating package script '/home/ros-vm/ros2_diff_drive_robot_ws/install/ros2_diff_drive_robot_ws/share/ros2_diff_drive_robot_ws/package.ps1'
[4.903s] INFO:colcon.colcon_core.shell:Creating package descriptor '/home/ros-vm/ros2_diff_drive_robot_ws/install/ros2_diff_drive_robot_ws/share/ros2_diff_drive_robot_ws/package.dsv'
[4.907s] INFO:colcon.colcon_core.shell:Creating package script '/home/ros-vm/ros2_diff_drive_robot_ws/install/ros2_diff_drive_robot_ws/share/ros2_diff_drive_robot_ws/package.sh'
[4.911s] INFO:colcon.colcon_core.shell:Creating package script '/home/ros-vm/ros2_diff_drive_robot_ws/install/ros2_diff_drive_robot_ws/share/ros2_diff_drive_robot_ws/package.bash'
[4.914s] INFO:colcon.colcon_core.shell:Creating package script '/home/ros-vm/ros2_diff_drive_robot_ws/install/ros2_diff_drive_robot_ws/share/ros2_diff_drive_robot_ws/package.zsh'
[4.917s] Level 1:colcon.colcon_core.environment:create_file_with_runtime_dependencies(/home/ros-vm/ros2_diff_drive_robot_ws/install/ros2_diff_drive_robot_ws/share/colcon-core/packages/ros2_diff_drive_robot_ws)
[5.011s] Level 1:colcon.colcon_core.environment:create_environment_scripts_only(ros2_diff_drive_robot_ws)
[5.012s] Level 1:colcon.colcon_core.environment:checking '/home/ros-vm/ros2_diff_drive_robot_ws/install/ros2_diff_drive_robot_ws' for CMake module files
[5.013s] Level 1:colcon.colcon_core.environment:checking '/home/ros-vm/ros2_diff_drive_robot_ws/install/ros2_diff_drive_robot_ws' for CMake config files
[5.014s] Level 1:colcon.colcon_core.shell:create_environment_hook('ros2_diff_drive_robot_ws', 'cmake_prefix_path')
[5.014s] INFO:colcon.colcon_core.shell:Creating environment hook '/home/ros-vm/ros2_diff_drive_robot_ws/install/ros2_diff_drive_robot_ws/share/ros2_diff_drive_robot_ws/hook/cmake_prefix_path.ps1'
[5.015s] INFO:colcon.colcon_core.shell:Creating environment descriptor '/home/ros-vm/ros2_diff_drive_robot_ws/install/ros2_diff_drive_robot_ws/share/ros2_diff_drive_robot_ws/hook/cmake_prefix_path.dsv'
[5.016s] INFO:colcon.colcon_core.shell:Creating environment hook '/home/ros-vm/ros2_diff_drive_robot_ws/install/ros2_diff_drive_robot_ws/share/ros2_diff_drive_robot_ws/hook/cmake_prefix_path.sh'
[5.019s] Level 1:colcon.colcon_core.environment:checking '/home/ros-vm/ros2_diff_drive_robot_ws/install/ros2_diff_drive_robot_ws/bin'
[5.020s] Level 1:colcon.colcon_core.environment:checking '/home/ros-vm/ros2_diff_drive_robot_ws/install/ros2_diff_drive_robot_ws/lib/pkgconfig/ros2_diff_drive_robot_ws.pc'
[5.020s] Level 1:colcon.colcon_core.environment:checking '/home/ros-vm/ros2_diff_drive_robot_ws/install/ros2_diff_drive_robot_ws/lib/python3.10/site-packages'
[5.021s] Level 1:colcon.colcon_core.environment:checking '/home/ros-vm/ros2_diff_drive_robot_ws/install/ros2_diff_drive_robot_ws/bin'
[5.021s] INFO:colcon.colcon_core.shell:Creating package script '/home/ros-vm/ros2_diff_drive_robot_ws/install/ros2_diff_drive_robot_ws/share/ros2_diff_drive_robot_ws/package.ps1'
[5.023s] INFO:colcon.colcon_core.shell:Creating package descriptor '/home/ros-vm/ros2_diff_drive_robot_ws/install/ros2_diff_drive_robot_ws/share/ros2_diff_drive_robot_ws/package.dsv'
[5.024s] INFO:colcon.colcon_core.shell:Creating package script '/home/ros-vm/ros2_diff_drive_robot_ws/install/ros2_diff_drive_robot_ws/share/ros2_diff_drive_robot_ws/package.sh'
[5.026s] INFO:colcon.colcon_core.shell:Creating package script '/home/ros-vm/ros2_diff_drive_robot_ws/install/ros2_diff_drive_robot_ws/share/ros2_diff_drive_robot_ws/package.bash'
[5.028s] INFO:colcon.colcon_core.shell:Creating package script '/home/ros-vm/ros2_diff_drive_robot_ws/install/ros2_diff_drive_robot_ws/share/ros2_diff_drive_robot_ws/package.zsh'
[5.030s] Level 1:colcon.colcon_core.environment:create_file_with_runtime_dependencies(/home/ros-vm/ros2_diff_drive_robot_ws/install/ros2_diff_drive_robot_ws/share/colcon-core/packages/ros2_diff_drive_robot_ws)
[5.032s] DEBUG:colcon.colcon_parallel_executor.executor.parallel:closing loop
[5.033s] DEBUG:colcon.colcon_parallel_executor.executor.parallel:loop closed
[5.033s] DEBUG:colcon.colcon_parallel_executor.executor.parallel:run_until_complete finished with '0'
[5.033s] DEBUG:colcon.colcon_core.event_reactor:joining thread
[5.080s] INFO:colcon.colcon_core.plugin_system:Skipping extension 'colcon_notification.desktop_notification.terminal_notifier': Not used on non-Darwin systems
[5.080s] INFO:colcon.colcon_core.plugin_system:Skipping extension 'colcon_notification.desktop_notification.win32': Not used on non-Windows systems
[5.080s] INFO:colcon.colcon_notification.desktop_notification:Sending desktop notification using 'notify2'
[5.249s] DEBUG:colcon.colcon_core.event_reactor:joined thread
[5.250s] INFO:colcon.colcon_core.shell:Creating prefix script '/home/ros-vm/ros2_diff_drive_robot_ws/install/local_setup.ps1'
[5.253s] INFO:colcon.colcon_core.shell:Creating prefix util module '/home/ros-vm/ros2_diff_drive_robot_ws/install/_local_setup_util_ps1.py'
[5.258s] INFO:colcon.colcon_core.shell:Creating prefix chain script '/home/ros-vm/ros2_diff_drive_robot_ws/install/setup.ps1'
[5.263s] INFO:colcon.colcon_core.shell:Creating prefix script '/home/ros-vm/ros2_diff_drive_robot_ws/install/local_setup.sh'
[5.267s] INFO:colcon.colcon_core.shell:Creating prefix util module '/home/ros-vm/ros2_diff_drive_robot_ws/install/_local_setup_util_sh.py'
[5.270s] INFO:colcon.colcon_core.shell:Creating prefix chain script '/home/ros-vm/ros2_diff_drive_robot_ws/install/setup.sh'
[5.278s] INFO:colcon.colcon_core.shell:Creating prefix script '/home/ros-vm/ros2_diff_drive_robot_ws/install/local_setup.bash'
[5.281s] INFO:colcon.colcon_core.shell:Creating prefix chain script '/home/ros-vm/ros2_diff_drive_robot_ws/install/setup.bash'
[5.288s] INFO:colcon.colcon_core.shell:Creating prefix script '/home/ros-vm/ros2_diff_drive_robot_ws/install/local_setup.zsh'
[5.290s] INFO:colcon.colcon_core.shell:Creating prefix chain script '/home/ros-vm/ros2_diff_drive_robot_ws/install/setup.zsh'
