-- Install configuration: ""
-- Execute custom install script
-- Up-to-date symlink: /home/ros-vm/ros2_diff_drive_robot_ws/install/diff_drive_robot/share/diff_drive_robot/config/empty.yaml
-- Up-to-date symlink: /home/ros-vm/ros2_diff_drive_robot_ws/install/diff_drive_robot/share/diff_drive_robot/description/camera.xacro
-- Up-to-date symlink: /home/ros-vm/ros2_diff_drive_robot_ws/install/diff_drive_robot/share/diff_drive_robot/description/gazebo_control.xacro
-- Up-to-date symlink: /home/ros-vm/ros2_diff_drive_robot_ws/install/diff_drive_robot/share/diff_drive_robot/description/inertial_macros.xacro
-- Up-to-date symlink: /home/ros-vm/ros2_diff_drive_robot_ws/install/diff_drive_robot/share/diff_drive_robot/description/lidar.xacro
-- Up-to-date symlink: /home/ros-vm/ros2_diff_drive_robot_ws/install/diff_drive_robot/share/diff_drive_robot/description/robot.urdf.xacro
-- Up-to-date symlink: /home/ros-vm/ros2_diff_drive_robot_ws/install/diff_drive_robot/share/diff_drive_robot/description/robot_core.xacro
-- Up-to-date symlink: /home/ros-vm/ros2_diff_drive_robot_ws/install/diff_drive_robot/share/diff_drive_robot/launch/launch_sim.launch.py
-- Up-to-date symlink: /home/ros-vm/ros2_diff_drive_robot_ws/install/diff_drive_robot/share/diff_drive_robot/launch/rsp.launch.py
-- Symlinking: /home/ros-vm/ros2_diff_drive_robot_ws/install/diff_drive_robot/share/diff_drive_robot/worlds/empty_world.world
-- Symlinking: /home/ros-vm/ros2_diff_drive_robot_ws/install/diff_drive_robot/share/diff_drive_robot/worlds/maze.world
-- Symlinking: /home/ros-vm/ros2_diff_drive_robot_ws/install/diff_drive_robot/share/diff_drive_robot/worlds/turtlebot3_dqn_stage1.world
-- Symlinking: /home/ros-vm/ros2_diff_drive_robot_ws/install/diff_drive_robot/share/diff_drive_robot/worlds/turtlebot3_dqn_stage2.world
-- Symlinking: /home/ros-vm/ros2_diff_drive_robot_ws/install/diff_drive_robot/share/diff_drive_robot/worlds/turtlebot3_dqn_stage3.world
-- Symlinking: /home/ros-vm/ros2_diff_drive_robot_ws/install/diff_drive_robot/share/diff_drive_robot/worlds/turtlebot3_dqn_stage4.world
-- Symlinking: /home/ros-vm/ros2_diff_drive_robot_ws/install/diff_drive_robot/share/diff_drive_robot/worlds/turtlebot3_house.world
-- Symlinking: /home/ros-vm/ros2_diff_drive_robot_ws/install/diff_drive_robot/share/diff_drive_robot/worlds/turtlebot3_world.world
-- Up-to-date symlink: /home/ros-vm/ros2_diff_drive_robot_ws/install/diff_drive_robot/share/ament_index/resource_index/package_run_dependencies/diff_drive_robot
-- Up-to-date symlink: /home/ros-vm/ros2_diff_drive_robot_ws/install/diff_drive_robot/share/ament_index/resource_index/parent_prefix_path/diff_drive_robot
-- Up-to-date symlink: /home/ros-vm/ros2_diff_drive_robot_ws/install/diff_drive_robot/share/diff_drive_robot/environment/ament_prefix_path.sh
-- Up-to-date symlink: /home/ros-vm/ros2_diff_drive_robot_ws/install/diff_drive_robot/share/diff_drive_robot/environment/ament_prefix_path.dsv
-- Up-to-date symlink: /home/ros-vm/ros2_diff_drive_robot_ws/install/diff_drive_robot/share/diff_drive_robot/environment/path.sh
-- Up-to-date symlink: /home/ros-vm/ros2_diff_drive_robot_ws/install/diff_drive_robot/share/diff_drive_robot/environment/path.dsv
-- Up-to-date symlink: /home/ros-vm/ros2_diff_drive_robot_ws/install/diff_drive_robot/share/diff_drive_robot/local_setup.bash
-- Up-to-date symlink: /home/ros-vm/ros2_diff_drive_robot_ws/install/diff_drive_robot/share/diff_drive_robot/local_setup.sh
-- Up-to-date symlink: /home/ros-vm/ros2_diff_drive_robot_ws/install/diff_drive_robot/share/diff_drive_robot/local_setup.zsh
-- Up-to-date symlink: /home/ros-vm/ros2_diff_drive_robot_ws/install/diff_drive_robot/share/diff_drive_robot/local_setup.dsv
-- Symlinking: /home/ros-vm/ros2_diff_drive_robot_ws/install/diff_drive_robot/share/diff_drive_robot/package.dsv
-- Up-to-date symlink: /home/ros-vm/ros2_diff_drive_robot_ws/install/diff_drive_robot/share/ament_index/resource_index/packages/diff_drive_robot
-- Up-to-date symlink: /home/ros-vm/ros2_diff_drive_robot_ws/install/diff_drive_robot/share/diff_drive_robot/cmake/diff_drive_robotConfig.cmake
-- Up-to-date symlink: /home/ros-vm/ros2_diff_drive_robot_ws/install/diff_drive_robot/share/diff_drive_robot/cmake/diff_drive_robotConfig-version.cmake
-- Up-to-date symlink: /home/ros-vm/ros2_diff_drive_robot_ws/install/diff_drive_robot/share/diff_drive_robot/package.xml
