[0.066s] Invoking command in '/home/ros-vm/ros2_diff_drive_robot_ws/build/ros2_diff_drive_robot_ws': CMAKE_PREFIX_PATH=${CMAKE_PREFIX_PATH}:/home/ros-vm/my_slam_ws/install/turtlebot3_teleop:/home/ros-vm/my_slam_ws/install/turtlebot3_example:/opt/ros/humble /usr/bin/cmake /home/ros-vm/ros2_diff_drive_robot_ws/src -DAMENT_CMAKE_SYMLINK_INSTALL=1 -DCMAKE_INSTALL_PREFIX=/home/ros-vm/ros2_diff_drive_robot_ws/install/ros2_diff_drive_robot_ws
[0.674s] -- The C compiler identification is GNU 11.4.0
[1.109s] -- The CXX compiler identification is GNU 11.4.0
[1.173s] -- Detecting C compiler ABI info
[1.518s] -- Detecting C compiler ABI info - done
[1.528s] -- Check for working C compiler: /usr/bin/cc - skipped
[1.529s] -- Detecting C compile features
[1.533s] -- Detecting C compile features - done
[1.546s] -- Detecting CXX compiler ABI info
[1.827s] -- Detecting CXX compiler ABI info - done
[1.839s] -- Check for working CXX compiler: /usr/bin/c++ - skipped
[1.840s] -- Detecting CXX compile features
[1.840s] -- Detecting CXX compile features - done
[1.900s] -- Found ament_cmake: 1.3.8 (/opt/ros/humble/share/ament_cmake/cmake)
[2.392s] -- Found Python3: /usr/bin/python3 (found version "3.10.12") found components: Interpreter 
[2.602s] -- Override CMake install command with custom implementation using symlinks instead of copying resources
[2.850s] -- Found ament_lint_auto: 0.12.10 (/opt/ros/humble/share/ament_lint_auto/cmake)
[2.974s] WARNING: Package name "ros2_diff_drive_robot_ws" does not follow the naming conventions. It should start with a lower case letter and only contain lower case letters, digits, underscores, and dashes.
[3.205s] -- Added test 'copyright' to check source files copyright and LICENSE
[3.219s] -- Added test 'flake8' to check Python code syntax and style conventions
[3.225s] -- Added test 'lint_cmake' to check CMake code style
[3.228s] -- Added test 'pep257' to check Python code against some of the docstring style conventions in PEP 257
[3.236s] -- Added test 'xmllint' to check XML markup files
[3.247s] -- Configuring done
[3.264s] -- Generating done
[3.268s] -- Build files have been written to: /home/ros-vm/ros2_diff_drive_robot_ws/build/ros2_diff_drive_robot_ws
[3.287s] Invoked command in '/home/ros-vm/ros2_diff_drive_robot_ws/build/ros2_diff_drive_robot_ws' returned '0': CMAKE_PREFIX_PATH=${CMAKE_PREFIX_PATH}:/home/ros-vm/my_slam_ws/install/turtlebot3_teleop:/home/ros-vm/my_slam_ws/install/turtlebot3_example:/opt/ros/humble /usr/bin/cmake /home/ros-vm/ros2_diff_drive_robot_ws/src -DAMENT_CMAKE_SYMLINK_INSTALL=1 -DCMAKE_INSTALL_PREFIX=/home/ros-vm/ros2_diff_drive_robot_ws/install/ros2_diff_drive_robot_ws
[3.291s] Invoking command in '/home/ros-vm/ros2_diff_drive_robot_ws/build/ros2_diff_drive_robot_ws': CMAKE_PREFIX_PATH=${CMAKE_PREFIX_PATH}:/home/ros-vm/my_slam_ws/install/turtlebot3_teleop:/home/ros-vm/my_slam_ws/install/turtlebot3_example:/opt/ros/humble /usr/bin/cmake --build /home/ros-vm/ros2_diff_drive_robot_ws/build/ros2_diff_drive_robot_ws -- -j4 -l4
[3.431s] Invoked command in '/home/ros-vm/ros2_diff_drive_robot_ws/build/ros2_diff_drive_robot_ws' returned '0': CMAKE_PREFIX_PATH=${CMAKE_PREFIX_PATH}:/home/ros-vm/my_slam_ws/install/turtlebot3_teleop:/home/ros-vm/my_slam_ws/install/turtlebot3_example:/opt/ros/humble /usr/bin/cmake --build /home/ros-vm/ros2_diff_drive_robot_ws/build/ros2_diff_drive_robot_ws -- -j4 -l4
[3.579s] Invoking command in '/home/ros-vm/ros2_diff_drive_robot_ws/build/ros2_diff_drive_robot_ws': CMAKE_PREFIX_PATH=${CMAKE_PREFIX_PATH}:/home/ros-vm/my_slam_ws/install/turtlebot3_teleop:/home/ros-vm/my_slam_ws/install/turtlebot3_example:/opt/ros/humble /usr/bin/cmake --install /home/ros-vm/ros2_diff_drive_robot_ws/build/ros2_diff_drive_robot_ws
[3.601s] -- Install configuration: ""
[3.601s] -- Execute custom install script
[3.604s] -- Symlinking: /home/ros-vm/ros2_diff_drive_robot_ws/install/ros2_diff_drive_robot_ws/share/ros2_diff_drive_robot_ws/config/empty.yaml
[3.630s] -- Symlinking: /home/ros-vm/ros2_diff_drive_robot_ws/install/ros2_diff_drive_robot_ws/share/ros2_diff_drive_robot_ws/description/robot.urdf.xacro
[3.655s] -- Symlinking: /home/ros-vm/ros2_diff_drive_robot_ws/install/ros2_diff_drive_robot_ws/share/ros2_diff_drive_robot_ws/launch/rsp.launch.py
[3.684s] -- Symlinking: /home/ros-vm/ros2_diff_drive_robot_ws/install/ros2_diff_drive_robot_ws/share/ros2_diff_drive_robot_ws/worlds/empty.world
[3.712s] -- Symlinking: /home/ros-vm/ros2_diff_drive_robot_ws/install/ros2_diff_drive_robot_ws/share/ament_index/resource_index/package_run_dependencies/ros2_diff_drive_robot_ws
[3.737s] -- Symlinking: /home/ros-vm/ros2_diff_drive_robot_ws/install/ros2_diff_drive_robot_ws/share/ament_index/resource_index/parent_prefix_path/ros2_diff_drive_robot_ws
[3.765s] -- Symlinking: /home/ros-vm/ros2_diff_drive_robot_ws/install/ros2_diff_drive_robot_ws/share/ros2_diff_drive_robot_ws/environment/ament_prefix_path.sh
[3.794s] -- Symlinking: /home/ros-vm/ros2_diff_drive_robot_ws/install/ros2_diff_drive_robot_ws/share/ros2_diff_drive_robot_ws/environment/ament_prefix_path.dsv
[3.821s] -- Symlinking: /home/ros-vm/ros2_diff_drive_robot_ws/install/ros2_diff_drive_robot_ws/share/ros2_diff_drive_robot_ws/environment/path.sh
[3.852s] -- Symlinking: /home/ros-vm/ros2_diff_drive_robot_ws/install/ros2_diff_drive_robot_ws/share/ros2_diff_drive_robot_ws/environment/path.dsv
[3.882s] -- Symlinking: /home/ros-vm/ros2_diff_drive_robot_ws/install/ros2_diff_drive_robot_ws/share/ros2_diff_drive_robot_ws/local_setup.bash
[3.911s] -- Symlinking: /home/ros-vm/ros2_diff_drive_robot_ws/install/ros2_diff_drive_robot_ws/share/ros2_diff_drive_robot_ws/local_setup.sh
[3.940s] -- Symlinking: /home/ros-vm/ros2_diff_drive_robot_ws/install/ros2_diff_drive_robot_ws/share/ros2_diff_drive_robot_ws/local_setup.zsh
[3.968s] -- Symlinking: /home/ros-vm/ros2_diff_drive_robot_ws/install/ros2_diff_drive_robot_ws/share/ros2_diff_drive_robot_ws/local_setup.dsv
[3.998s] -- Symlinking: /home/ros-vm/ros2_diff_drive_robot_ws/install/ros2_diff_drive_robot_ws/share/ros2_diff_drive_robot_ws/package.dsv
[4.026s] -- Symlinking: /home/ros-vm/ros2_diff_drive_robot_ws/install/ros2_diff_drive_robot_ws/share/ament_index/resource_index/packages/ros2_diff_drive_robot_ws
[4.055s] -- Symlinking: /home/ros-vm/ros2_diff_drive_robot_ws/install/ros2_diff_drive_robot_ws/share/ros2_diff_drive_robot_ws/cmake/ros2_diff_drive_robot_wsConfig.cmake
[4.086s] -- Symlinking: /home/ros-vm/ros2_diff_drive_robot_ws/install/ros2_diff_drive_robot_ws/share/ros2_diff_drive_robot_ws/cmake/ros2_diff_drive_robot_wsConfig-version.cmake
[4.114s] -- Symlinking: /home/ros-vm/ros2_diff_drive_robot_ws/install/ros2_diff_drive_robot_ws/share/ros2_diff_drive_robot_ws/package.xml
[4.144s] Invoked command in '/home/ros-vm/ros2_diff_drive_robot_ws/build/ros2_diff_drive_robot_ws' returned '0': CMAKE_PREFIX_PATH=${CMAKE_PREFIX_PATH}:/home/ros-vm/my_slam_ws/install/turtlebot3_teleop:/home/ros-vm/my_slam_ws/install/turtlebot3_example:/opt/ros/humble /usr/bin/cmake --install /home/ros-vm/ros2_diff_drive_robot_ws/build/ros2_diff_drive_robot_ws
