[0.042s] Invoking command in '/home/ros-vm/ros2_diff_drive_robot_ws/build/diff_drive_robot': CMAKE_PREFIX_PATH=${CMAKE_PREFIX_PATH}:/home/ros-vm/my_slam_ws/install/turtlebot3_teleop:/home/ros-vm/my_slam_ws/install/turtlebot3_example:/opt/ros/humble /usr/bin/cmake --build /home/ros-vm/ros2_diff_drive_robot_ws/build/diff_drive_robot -- -j4 -l4
[0.210s] Invoked command in '/home/ros-vm/ros2_diff_drive_robot_ws/build/diff_drive_robot' returned '0': CMAKE_PREFIX_PATH=${CMAKE_PREFIX_PATH}:/home/ros-vm/my_slam_ws/install/turtlebot3_teleop:/home/ros-vm/my_slam_ws/install/turtlebot3_example:/opt/ros/humble /usr/bin/cmake --build /home/ros-vm/ros2_diff_drive_robot_ws/build/diff_drive_robot -- -j4 -l4
[0.278s] Invoking command in '/home/ros-vm/ros2_diff_drive_robot_ws/build/diff_drive_robot': CMAKE_PREFIX_PATH=${CMAKE_PREFIX_PATH}:/home/ros-vm/my_slam_ws/install/turtlebot3_teleop:/home/ros-vm/my_slam_ws/install/turtlebot3_example:/opt/ros/humble /usr/bin/cmake --install /home/ros-vm/ros2_diff_drive_robot_ws/build/diff_drive_robot
[0.294s] -- Install configuration: ""
[0.298s] -- Execute custom install script
[0.302s] -- Up-to-date symlink: /home/ros-vm/ros2_diff_drive_robot_ws/install/diff_drive_robot/share/diff_drive_robot/config/empty.yaml
[0.302s] -- Symlinking: /home/ros-vm/ros2_diff_drive_robot_ws/install/diff_drive_robot/share/diff_drive_robot/config/my_controllers.yaml
[0.320s] -- Up-to-date symlink: /home/ros-vm/ros2_diff_drive_robot_ws/install/diff_drive_robot/share/diff_drive_robot/description/camera.xacro
[0.320s] -- Up-to-date symlink: /home/ros-vm/ros2_diff_drive_robot_ws/install/diff_drive_robot/share/diff_drive_robot/description/gazebo_control.xacro
[0.321s] -- Up-to-date symlink: /home/ros-vm/ros2_diff_drive_robot_ws/install/diff_drive_robot/share/diff_drive_robot/description/inertial_macros.xacro
[0.321s] -- Up-to-date symlink: /home/ros-vm/ros2_diff_drive_robot_ws/install/diff_drive_robot/share/diff_drive_robot/description/lidar.xacro
[0.321s] -- Up-to-date symlink: /home/ros-vm/ros2_diff_drive_robot_ws/install/diff_drive_robot/share/diff_drive_robot/description/robot.urdf.xacro
[0.322s] -- Up-to-date symlink: /home/ros-vm/ros2_diff_drive_robot_ws/install/diff_drive_robot/share/diff_drive_robot/description/robot_core.xacro
[0.322s] -- Symlinking: /home/ros-vm/ros2_diff_drive_robot_ws/install/diff_drive_robot/share/diff_drive_robot/description/ros2_control.xacro
[0.337s] -- Up-to-date symlink: /home/ros-vm/ros2_diff_drive_robot_ws/install/diff_drive_robot/share/diff_drive_robot/launch/launch_sim.launch.py
[0.338s] -- Up-to-date symlink: /home/ros-vm/ros2_diff_drive_robot_ws/install/diff_drive_robot/share/diff_drive_robot/launch/rsp.launch.py
[0.339s] -- Up-to-date symlink: /home/ros-vm/ros2_diff_drive_robot_ws/install/diff_drive_robot/share/diff_drive_robot/worlds/empty_world.world
[0.339s] -- Up-to-date symlink: /home/ros-vm/ros2_diff_drive_robot_ws/install/diff_drive_robot/share/diff_drive_robot/worlds/maze.world
[0.341s] -- Up-to-date symlink: /home/ros-vm/ros2_diff_drive_robot_ws/install/diff_drive_robot/share/diff_drive_robot/worlds/turtlebot3_dqn_stage1.world
[0.341s] -- Up-to-date symlink: /home/ros-vm/ros2_diff_drive_robot_ws/install/diff_drive_robot/share/diff_drive_robot/worlds/turtlebot3_dqn_stage2.world
[0.342s] -- Up-to-date symlink: /home/ros-vm/ros2_diff_drive_robot_ws/install/diff_drive_robot/share/diff_drive_robot/worlds/turtlebot3_dqn_stage3.world
[0.342s] -- Up-to-date symlink: /home/ros-vm/ros2_diff_drive_robot_ws/install/diff_drive_robot/share/diff_drive_robot/worlds/turtlebot3_dqn_stage4.world
[0.342s] -- Up-to-date symlink: /home/ros-vm/ros2_diff_drive_robot_ws/install/diff_drive_robot/share/diff_drive_robot/worlds/turtlebot3_house.world
[0.343s] -- Up-to-date symlink: /home/ros-vm/ros2_diff_drive_robot_ws/install/diff_drive_robot/share/diff_drive_robot/worlds/turtlebot3_world.world
[0.343s] -- Up-to-date symlink: /home/ros-vm/ros2_diff_drive_robot_ws/install/diff_drive_robot/share/ament_index/resource_index/package_run_dependencies/diff_drive_robot
[0.344s] -- Up-to-date symlink: /home/ros-vm/ros2_diff_drive_robot_ws/install/diff_drive_robot/share/ament_index/resource_index/parent_prefix_path/diff_drive_robot
[0.344s] -- Up-to-date symlink: /home/ros-vm/ros2_diff_drive_robot_ws/install/diff_drive_robot/share/diff_drive_robot/environment/ament_prefix_path.sh
[0.344s] -- Up-to-date symlink: /home/ros-vm/ros2_diff_drive_robot_ws/install/diff_drive_robot/share/diff_drive_robot/environment/ament_prefix_path.dsv
[0.345s] -- Up-to-date symlink: /home/ros-vm/ros2_diff_drive_robot_ws/install/diff_drive_robot/share/diff_drive_robot/environment/path.sh
[0.345s] -- Up-to-date symlink: /home/ros-vm/ros2_diff_drive_robot_ws/install/diff_drive_robot/share/diff_drive_robot/environment/path.dsv
[0.345s] -- Up-to-date symlink: /home/ros-vm/ros2_diff_drive_robot_ws/install/diff_drive_robot/share/diff_drive_robot/local_setup.bash
[0.346s] -- Up-to-date symlink: /home/ros-vm/ros2_diff_drive_robot_ws/install/diff_drive_robot/share/diff_drive_robot/local_setup.sh
[0.348s] -- Up-to-date symlink: /home/ros-vm/ros2_diff_drive_robot_ws/install/diff_drive_robot/share/diff_drive_robot/local_setup.zsh
[0.348s] -- Up-to-date symlink: /home/ros-vm/ros2_diff_drive_robot_ws/install/diff_drive_robot/share/diff_drive_robot/local_setup.dsv
[0.348s] -- Symlinking: /home/ros-vm/ros2_diff_drive_robot_ws/install/diff_drive_robot/share/diff_drive_robot/package.dsv
[0.361s] -- Up-to-date symlink: /home/ros-vm/ros2_diff_drive_robot_ws/install/diff_drive_robot/share/ament_index/resource_index/packages/diff_drive_robot
[0.361s] -- Up-to-date symlink: /home/ros-vm/ros2_diff_drive_robot_ws/install/diff_drive_robot/share/diff_drive_robot/cmake/diff_drive_robotConfig.cmake
[0.362s] -- Up-to-date symlink: /home/ros-vm/ros2_diff_drive_robot_ws/install/diff_drive_robot/share/diff_drive_robot/cmake/diff_drive_robotConfig-version.cmake
[0.362s] -- Up-to-date symlink: /home/ros-vm/ros2_diff_drive_robot_ws/install/diff_drive_robot/share/diff_drive_robot/package.xml
[0.366s] Invoked command in '/home/ros-vm/ros2_diff_drive_robot_ws/build/diff_drive_robot' returned '0': CMAKE_PREFIX_PATH=${CMAKE_PREFIX_PATH}:/home/ros-vm/my_slam_ws/install/turtlebot3_teleop:/home/ros-vm/my_slam_ws/install/turtlebot3_example:/opt/ros/humble /usr/bin/cmake --install /home/ros-vm/ros2_diff_drive_robot_ws/build/diff_drive_robot
